<?xml version="1.0" encoding="UTF-8"?>
<!-- Generated by org.testng.reporters.JUnitReportReporter -->
<testsuite hostname="REM-LT-220516B" failures="0" tests="2" name="com.unosquare.SecondApiPull" time="1.363" errors="0" timestamp="2022-06-23T14:12:40 CDT" skipped="0">
  <testcase classname="com.unosquare.SecondApiPull" name="secondPullRequest_firstApproach" time="0.755"/>
  <system-out>
    <![CDATA[--------- Second Pull Request --------- <p>
--------- First Approach --------- <p>
Response Body: {
    "id": 4,
    "token": "QpwL5tke4Pnpja7X4"
}<p>
Status Code: 200<p>
JSON Body being posted: {"password":"pistol","email":"eve.holt@reqres.in"}<p>
URL: https://reqres.in/api/users<p>
------------------------------------- <p>]]>
  </system-out>
  <testcase classname="com.unosquare.SecondApiPull" name="secondPullRequest_secondApproach" time="0.608"/>
  <system-out>
    <![CDATA[--------- Second Approach --------- <p>
Response Body: {
    "token": "QpwL5tke4Pnpja7X4"
}<p>
Status Code: 200<p>
JSON Body being posted: {"password":"cityslicka","email":"eve.holt@reqres.in"}<p>
URL: https://reqres.in/api/users<p>
------------------------------------- <p>]]>
  </system-out>
</testsuite> <!-- com.unosquare.SecondApiPull -->
