<?xml version="1.0" encoding="UTF-8"?>
<!-- Generated by org.testng.reporters.JUnitReportReporter -->
<testsuite hostname="REM-LT-220516B" failures="0" tests="2" name="com.unosquare.FirstApiTest" time="4.397" errors="0" timestamp="2022-06-21T18:53:26 CDT" skipped="1">
  <testcase classname="com.unosquare.FirstApiTest" name="firstPostTest" time="4.397"/>
  <system-out>
    <![CDATA[--------- Second Pull Request --------- <p>
Response Body: {
    "id": 4,
    "token": "QpwL5tke4Pnpja7X4"
}<p>
Status Code: 200<p>
JSON Body being posted: {"password":"pistol","email":"eve.holt@reqres.in"}<p>
URL: https://reqres.in/api/users<p>
------------------------------------- <p>
Response Body: {
    "token": "QpwL5tke4Pnpja7X4"
}<p>
Status Code: 200<p>
JSON Body being posted: {"password":"cityslicka","email":"eve.holt@reqres.in"}<p>
URL: https://reqres.in/api/users<p>
------------------------------------- <p>]]>
  </system-out>
  <testcase classname="com.unosquare.FirstApiTest" name="firstPullTest">
    <skipped/>
  </testcase> <!-- firstPullTest -->
  <system-out/>
</testsuite> <!-- com.unosquare.FirstApiTest -->
