<?xml version="1.0" encoding="UTF-8"?>
<!-- Generated by org.testng.reporters.JUnitReportReporter -->
<testsuite hostname="REM-LT-220516B" failures="0" tests="3" name="com.unosquare.FirstApiTest" time="8.141" errors="0" timestamp="2022-06-22T19:11:40 CDT" skipped="0">
  <testcase classname="com.unosquare.FirstApiTest" name="firstPullTest" time="5.311"/>
  <system-out>
    <![CDATA[--------- First Pull Request  --------- <p>
--------- First Approach --------- <p>
Status Code: 200<p>
Content Type: application/json; charset=utf-8<p>
Response Content: {"data":{"id":2,"email":"janet.weaver@reqres.in","first_name":"Janet","last_name":"Weaver","avatar":"https://reqres.in/img/faces/2-image.jpg"},"support":{"url":"https://reqres.in/#support-heading","text":"To keep ReqRes free, contributions towards server costs are appreciated!"}}<p>
--------- Second Approach --------- <p>
Status Code: 200<p>
Content Type: application/json; charset=utf-8<p>
Response Content: {"data":{"id":2,"name":"fuchsia rose","year":2001,"color":"#C74375","pantone_value":"17-2031"},"support":{"url":"https://reqres.in/#support-heading","text":"To keep ReqRes free, contributions towards server costs are appreciated!"}}<p>]]>
  </system-out>
  <testcase classname="com.unosquare.FirstApiTest" name="secondPullRequest" time="1.349"/>
  <system-out>
    <![CDATA[--------- Second Pull Request --------- <p>
Response Body: {
    "id": 4,
    "token": "QpwL5tke4Pnpja7X4"
}<p>
Status Code: 200<p>
JSON Body being posted: {"password":"pistol","email":"eve.holt@reqres.in"}<p>
URL: https://reqres.in/api/users<p>
------------------------------------- <p>
Response Body: {
    "token": "QpwL5tke4Pnpja7X4"
}<p>
Status Code: 200<p>
JSON Body being posted: {"password":"cityslicka","email":"eve.holt@reqres.in"}<p>
URL: https://reqres.in/api/users<p>
------------------------------------- <p>]]>
  </system-out>
  <testcase classname="com.unosquare.FirstApiTest" name="thirdPullRequest" time="1.481"/>
  <system-out>
    <![CDATA[--------- Third Pull Request  --------- <p>
Client request: {"password":"cityslicka","email":"eve.holt@reqres.in"}<p>
Status Code: 200<p>
Response Body: {
    "token": "QpwL5tke4Pnpja7X4"
}<p>
URL: https://reqres.in/api/login<p>
File Path: C:\Users\carlos.martinez\git\SDET_API_JAVA\JavaAPi\src\main\java\Json\Login.json<p>]]>
  </system-out>
</testsuite> <!-- com.unosquare.FirstApiTest -->
