<?xml version="1.0" encoding="UTF-8"?>
<!-- Generated by org.testng.reporters.JUnitReportReporter -->
<testsuite hostname="REM-LT-220516B" failures="0" tests="3" name="com.unosquare.FirstApiTest" time="4.558" errors="0" timestamp="2022-06-22T18:48:00 CDT" skipped="2">
  <testcase classname="com.unosquare.FirstApiTest" name="sixthApproach" time="4.558"/>
  <system-out>
    <![CDATA[--------- Response Post Login  --------- <p>
Client request: {"password":"cityslicka","email":"eve.holt@reqres.in"}<p>
Status Code: 200<p>
Response Body: {
    "token": "QpwL5tke4Pnpja7X4"
}<p>
URL: https://reqres.in/api/login<p>
File Path: C:\Users\carlos.martinez\git\SDET_API_JAVA\JavaAPi\src\main\java\Json\Login.json<p>]]>
  </system-out>
  <testcase classname="com.unosquare.FirstApiTest" name="firstPostTest">
    <skipped/>
  </testcase> <!-- firstPostTest -->
  <system-out/>
  <testcase classname="com.unosquare.FirstApiTest" name="firstPullTest">
    <skipped/>
  </testcase> <!-- firstPullTest -->
  <system-out/>
</testsuite> <!-- com.unosquare.FirstApiTest -->
