<?xml version="1.0" encoding="UTF-8"?>
<!-- Generated by org.testng.reporters.JUnitReportReporter -->
<testsuite hostname="REM-LT-220516B" failures="0" tests="1" name="com.unosquare.ThirdApiPull" time="0.587" errors="0" timestamp="2022-06-23T14:12:40 CDT" skipped="0">
  <testcase classname="com.unosquare.ThirdApiPull" name="thirdPullRequest" time="0.587"/>
  <system-out>
    <![CDATA[--------- Third Pull Request  --------- <p>
Client request: {"password":"cityslicka","email":"eve.holt@reqres.in"}<p>
Status Code: 200<p>
Response Body: {
    "token": "QpwL5tke4Pnpja7X4"
}<p>
URL: https://reqres.in/api/login<p>
File Path: C:\Users\carlos.martinez\git\SDET_API_JAVA\JavaAPi\src\main\java\Json\Login.json<p>]]>
  </system-out>
</testsuite> <!-- com.unosquare.ThirdApiPull -->
