<?xml version="1.0" encoding="UTF-8"?>
<!-- Generated by org.testng.reporters.JUnitReportReporter -->
<testsuite hostname="REM-LT-220516B" failures="0" tests="9" name="com.unosquare.FinalPullRequest" time="18.469" errors="0" timestamp="2022-06-20T11:28:22 CDT" skipped="0">
  <testcase classname="com.unosquare.FinalPullRequest" name="finalPullRequest_GET_1" time="4.228"/>
  <system-out>
    <![CDATA[--------- Final Pull Request - First GET --------- <p>
Client request: {"data":{"last_name":"Weaver","id":2,"avatar":"https:\/\/reqres.in\/img\/faces\/2-image.jpg","first_name":"Janet","email":"janet.weaver@reqres.in"}}<p>
Status Code: 200<p>
Response Body: {
    "data": {
        "id": 2,
        "email": "janet.weaver@reqres.in",
        "first_name": "Janet",
        "last_name": "Weaver",
        "avatar": "https://reqres.in/img/faces/2-image.jpg"
    },
    "support": {
        "url": "https://reqres.in/#support-heading",
        "text": "To keep ReqRes free, contributions towards server costs are appreciated!"
    }
}<p>
URL: https://reqres.in/api/users/2<p>
File Path: C:\Users\carlos.martinez\eclipse-workspace\JavaAPi\src\main\java\Json\Get\FirstGet.json<p>]]>
  </system-out>
  <testcase classname="com.unosquare.FinalPullRequest" name="finalPullRequest_GET_2" time="0.359"/>
  <system-out>
    <![CDATA[--------- Final Pull Request - Second GET --------- <p>
Client request: {"support":{"text":"To keep ReqRes free, contributions towards server costs are appreciated!","url":"https:\/\/reqres.in\/#support-heading"}}<p>
Status Code: 200<p>
Response Body: {
    "data": {
        "id": 5,
        "email": "charles.morris@reqres.in",
        "first_name": "Charles",
        "last_name": "Morris",
        "avatar": "https://reqres.in/img/faces/5-image.jpg"
    },
    "support": {
        "url": "https://reqres.in/#support-heading",
        "text": "To keep ReqRes free, contributions towards server costs are appreciated!"
    }
}<p>
URL: https://reqres.in/api/users/5?page=2<p>
File Path: C:\Users\carlos.martinez\eclipse-workspace\JavaAPi\src\main\java\Json\Get\SecondGet.json<p>]]>
  </system-out>
  <testcase classname="com.unosquare.FinalPullRequest" name="finalPullRequest_GET_3" time="0.798"/>
  <system-out>
    <![CDATA[--------- Final Pull Request - Third GET --------- <p>
Status Code: 200<p>
Response Body: {
    "data": {
        "id": 7,
        "email": "michael.lawson@reqres.in",
        "first_name": "Michael",
        "last_name": "Lawson",
        "avatar": "https://reqres.in/img/faces/7-image.jpg"
    },
    "support": {
        "url": "https://reqres.in/#support-heading",
        "text": "To keep ReqRes free, contributions towards server costs are appreciated!"
    }
}<p>
URL: https://reqres.in/api/users/7?page=3<p>
File Path: C:\Users\carlos.martinez\eclipse-workspace\JavaAPi\src\main\java\Json\Get\ThirdGet.json<p>]]>
  </system-out>
  <testcase classname="com.unosquare.FinalPullRequest" name="finalPullRequest_GET_4" time="4.732"/>
  <system-out>
    <![CDATA[--------- Final Pull Request - Fourth GET --------- <p>
Status Code: 200<p>
Response Body: {
    "data": {
        "id": 2,
        "name": "fuchsia rose",
        "year": 2001,
        "color": "#C74375",
        "pantone_value": "17-2031"
    },
    "support": {
        "url": "https://reqres.in/#support-heading",
        "text": "To keep ReqRes free, contributions towards server costs are appreciated!"
    }
}<p>
URL: https://reqres.in/api/unknown/2?delay=4<p>
File Path: C:\Users\carlos.martinez\eclipse-workspace\JavaAPi\src\main\java\Json\Get\FourthGet.json<p>]]>
  </system-out>
  <testcase classname="com.unosquare.FinalPullRequest" name="finalPullRequest_POST_1" time="0.639"/>
  <system-out>
    <![CDATA[--------- Final Pull Request - First POST --------- <p>
Client request: {"name":"Carlos","job":"java"}<p>
Status Code: 201<p>
Response Body: {
    "name": "Carlos",
    "job": "java",
    "id": "83",
    "createdAt": "2022-06-20T16:28:09.761Z"
}<p>
URL: https://reqres.in/api/users<p>
File Path: C:\Users\carlos.martinez\eclipse-workspace\JavaAPi\src\main\java\Json\Post\FirstPost.json<p>]]>
  </system-out>
  <testcase classname="com.unosquare.FinalPullRequest" name="finalPullRequest_POST_2" time="5.833"/>
  <system-out>
    <![CDATA[--------- Final Pull Request - Second POST --------- <p>
Status Code: 201<p>
Response Body: {
    "name": "Ileanna",
    "lastName": "Garcia",
    "job": "Maestra",
    "dateOfBirth": "22/05/1998",
    "startDate": "16/05/2022",
    "vacationDays": 7,
    "id": "421",
    "createdAt": "2022-06-20T16:28:15.543Z"
}<p>
URL: https://reqres.in/api/users?delay=5<p>
File Path: C:\Users\carlos.martinez\eclipse-workspace\JavaAPi\src\main\java\Json\Post\SecondPost.json<p>]]>
  </system-out>
  <testcase classname="com.unosquare.FinalPullRequest" name="finalPullRequest_POST_3" time="0.609"/>
  <system-out>
    <![CDATA[--------- Final Pull Request - Third POST --------- <p>
Client request: {"password":"pistol","email":"eve.holt@reqres.in"}<p>
Status Code: 200<p>
Response Body: {
    "id": 4,
    "token": "QpwL5tke4Pnpja7X4"
}<p>
URL: https://reqres.in/api/register<p>
File Path: C:\Users\carlos.martinez\eclipse-workspace\JavaAPi\src\main\java\Json\Post\ThirdPost.json<p>]]>
  </system-out>
  <testcase classname="com.unosquare.FinalPullRequest" name="finalPullRequest_POST_4" time="0.605"/>
  <system-out>
    <![CDATA[--------- Final Pull Request - Fourth POST --------- <p>
Status Code: 200<p>
Response Body: {
    "token": "QpwL5tke4Pnpja7X4"
}<p>
URL: https://reqres.in/api/login<p>
File Path: C:\Users\carlos.martinez\eclipse-workspace\JavaAPi\src\main\java\Json\Post\FourthPost.json<p>]]>
  </system-out>
  <testcase classname="com.unosquare.FinalPullRequest" name="finalPullRequest_PUT_1" time="0.666"/>
  <system-out>
    <![CDATA[--------- Final Pull Request - First PUT --------- <p>
Status Code: 200<p>
Response Body: {
    "name": "Fani",
    "lastName": "Lara",
    "job": "Turismo",
    "dateOfBirth": "22/04/2000",
    "startDate": "02/20/2022",
    "vacationDays": 7,
    "updatedAt": "2022-06-20T16:28:17.436Z"
}<p>
URL: https://reqres.in/api/users/2<p>
File Path: C:\Users\carlos.martinez\eclipse-workspace\JavaAPi\src\main\java\Json\Put\FirstPut.json<p>]]>
  </system-out>
</testsuite> <!-- com.unosquare.FinalPullRequest -->
