<?xml version="1.0" encoding="UTF-8"?>
<!-- Generated by org.testng.reporters.JUnitReportReporter -->
<testsuite hostname="REM-LT-220516B" failures="0" tests="1" name="com.unosquare.FirstApiTest" time="5.715" errors="0" timestamp="2022-06-20T13:16:08 CDT" skipped="0">
  <testcase classname="com.unosquare.FirstApiTest" name="firstPullTest" time="5.715"/>
  <system-out>
    <![CDATA[--------- First Pull Request  --------- <p>
--------- First Approach --------- <p>
Status Code: 200<p>
Content Type: application/json; charset=utf-8<p>
Response Content: {"data":{"id":2,"email":"janet.weaver@reqres.in","first_name":"Janet","last_name":"Weaver","avatar":"https://reqres.in/img/faces/2-image.jpg"},"support":{"url":"https://reqres.in/#support-heading","text":"To keep ReqRes free, contributions towards server costs are appreciated!"}}<p>
--------- Second Approach --------- <p>
Response Content: {"data":{"id":2,"name":"fuchsia rose","year":2001,"color":"#C74375","pantone_value":"17-2031"},"support":{"url":"https://reqres.in/#support-heading","text":"To keep ReqRes free, contributions towards server costs are appreciated!"}}]]>
  </system-out>
</testsuite> <!-- com.unosquare.FirstApiTest -->
